****************************************************************
  Sure Independence Screening and Sparsifying Operator (SISSO)  
             Version SISSO.3.2, September, 2022.                
****************************************************************

Read in data from train.dat.
Read in parameters from SISSO.in
Property type:     1
Number of tasks:        1
Descriptor dimension:        2
Number of samples for each task:      115
Restarts :  0
Number of scalar features:      101
Tier of the feature space:        2
Maximal feature complexity (number of operators in a feature):        3
Units of the input primary features (each represented by a vector): 





































































































The feature will be discarded if the minimum of the maximal abs. value in it <    0.10000E-02
The faature will be discarded if the maximum of the maximal abs. value in it >     0.10000E+06
Size of the SIS-selected (single) subspace :       20      20
Operators for feature construction: (+)(-)(*)(/)(exp)(exp-)(^-1)(^2)(sqrt)(log) (+)(-)(*)(/)(exp)(exp-)(^-1)(^2)(sqrt)(log) 
Fitting intercept:      T
Metric for model selection: RMSE
Method for sparse regression:  L0        
Number of the top-ranked models to output:      100
--------------------------------------------------------------------------------

Dimension:   1
-------------------
Feature Construction (FC) starts ...
Population Standard Deviation (SD) of task 001:    0.25855
Total number of features in the space phi00:            101
Total number of features in the space phi01:          29861
Total number of features in the space phi02:     2153452026
Size of the SIS-selected subspace from phi02:         20
Time (second) used for this FC:         1690.01

Descriptor Identification (DI) starts ...
Total number of SIS-selected features from all iterations:         20
  1D descriptor (model): 
RMSE and MaxAE:   0.029725  0.085555
@@@descriptor: 
                      1:[((VR2_Dzare/VR2_Dzp)/(ATS1Z+ATS2Z))]
       coefficients_001:     0.1717161781E+04
          Intercept_001:     0.2741337642E-01
         RMSE,MaxAE_001:     0.2972501018E-01    0.8555467965E-01
--------------------------------------------------------------------------------
Time (second) used for this DI:            0.02

Dimension:   2
-------------------
Feature Construction (FC) starts ...
Total number of features in the space phi00:            101
Total number of features in the space phi01:          29861
Total number of features in the space phi02:     2153452026
Size of the SIS-selected subspace from phi02:         20
Time (second) used for this FC:         1718.79

Descriptor Identification (DI) starts ...
Total number of SIS-selected features from all iterations:         40

Final model/descriptor !
================================================================================
  2D descriptor (model): 
RMSE and MaxAE:   0.022813  0.095952
@@@descriptor: 
                     13:[((ABCGG*VE2_Dzp)/(ATS1m*AETA_eta_R))]
                     21:[((SLogP-Xpc-4dv)/(MPC10-VR2_A))]
       coefficients_001:     0.1442982513E+04   -0.1311449198E+00
          Intercept_001:     0.5528661067E-01
         RMSE,MaxAE_001:     0.2281274624E-01    0.9595161688E-01
================================================================================
Time (second) used for this DI:            0.02

Total time (second):         3408.94

Have a nice day !    

